0 info it worked if it ends with ok
1 verbose cli [ '/usr/local/bin/node',
1 verbose cli   '/usr/local/bin/npm',
1 verbose cli   'install',
1 verbose cli   '--save',
1 verbose cli   'react@0.14.7',
1 verbose cli   'react-dom@0.14.7pwd' ]
2 info using npm@2.15.8
3 info using node@v4.4.7
4 verbose install initial load of /Users/josephanda/Desktop/Software Engineering Projects/udemyHelloReact/package.json
5 warn package.json hello-react-udemy@1.0.0 No repository field.
6 warn package.json hello-react-udemy@1.0.0 No README data
7 verbose installManyTop reading scoped package data from /Users/josephanda/Desktop/Software Engineering Projects/udemyHelloReact/node_modules/babel-core/package.json
8 verbose installManyTop reading scoped package data from /Users/josephanda/Desktop/Software Engineering Projects/udemyHelloReact/node_modules/babel-loader/package.json
9 verbose installManyTop reading scoped package data from /Users/josephanda/Desktop/Software Engineering Projects/udemyHelloReact/node_modules/babel-preset-es2015/package.json
10 verbose installManyTop reading scoped package data from /Users/josephanda/Desktop/Software Engineering Projects/udemyHelloReact/node_modules/babel-preset-react/package.json
11 verbose installManyTop reading scoped package data from /Users/josephanda/Desktop/Software Engineering Projects/udemyHelloReact/node_modules/express/package.json
12 verbose installManyTop reading scoped package data from /Users/josephanda/Desktop/Software Engineering Projects/udemyHelloReact/node_modules/react/package.json
13 verbose installManyTop reading scoped package data from /Users/josephanda/Desktop/Software Engineering Projects/udemyHelloReact/node_modules/react-dom/package.json
14 verbose installManyTop reading scoped package data from /Users/josephanda/Desktop/Software Engineering Projects/udemyHelloReact/node_modules/webpack/package.json
15 verbose readDependencies loading dependencies from /Users/josephanda/Desktop/Software Engineering Projects/udemyHelloReact/package.json
16 silly cache add args [ 'react@0.14.7', null ]
17 verbose cache add spec react@0.14.7
18 silly cache add args [ 'react-dom@0.14.7pwd', null ]
19 verbose cache add spec react-dom@0.14.7pwd
20 silly cache add parsed spec Result {
20 silly cache add   raw: 'react@0.14.7',
20 silly cache add   scope: null,
20 silly cache add   name: 'react',
20 silly cache add   rawSpec: '0.14.7',
20 silly cache add   spec: '0.14.7',
20 silly cache add   type: 'version' }
21 silly addNamed react@0.14.7
22 verbose addNamed "0.14.7" is a plain semver version for react
23 silly mapToRegistry name react
24 silly mapToRegistry using default registry
25 silly mapToRegistry registry https://registry.npmjs.org/
26 silly mapToRegistry data Result {
26 silly mapToRegistry   raw: 'react',
26 silly mapToRegistry   scope: null,
26 silly mapToRegistry   name: 'react',
26 silly mapToRegistry   rawSpec: '',
26 silly mapToRegistry   spec: 'latest',
26 silly mapToRegistry   type: 'tag' }
27 silly mapToRegistry uri https://registry.npmjs.org/react
28 verbose addNameVersion registry:https://registry.npmjs.org/react not in flight; fetching
29 silly cache add parsed spec Result {
29 silly cache add   raw: 'react-dom@0.14.7pwd',
29 silly cache add   scope: null,
29 silly cache add   name: 'react-dom',
29 silly cache add   rawSpec: '0.14.7pwd',
29 silly cache add   spec: '0.14.7-pwd',
29 silly cache add   type: 'version' }
30 silly addNamed react-dom@0.14.7-pwd
31 verbose addNamed "0.14.7-pwd" is a plain semver version for react-dom
32 silly mapToRegistry name react-dom
33 silly mapToRegistry using default registry
34 silly mapToRegistry registry https://registry.npmjs.org/
35 silly mapToRegistry data Result {
35 silly mapToRegistry   raw: 'react-dom',
35 silly mapToRegistry   scope: null,
35 silly mapToRegistry   name: 'react-dom',
35 silly mapToRegistry   rawSpec: '',
35 silly mapToRegistry   spec: 'latest',
35 silly mapToRegistry   type: 'tag' }
36 silly mapToRegistry uri https://registry.npmjs.org/react-dom
37 verbose addNameVersion registry:https://registry.npmjs.org/react-dom not in flight; fetching
38 verbose request uri https://registry.npmjs.org/react
39 verbose request no auth needed
40 info attempt registry request try #1 at 7:41:04 PM
41 verbose request id bc0c9bcc6791481e
42 verbose etag W/"592ae680-2a9a5"
43 verbose lastModified Sun, 28 May 2017 15:02:24 GMT
44 http request GET https://registry.npmjs.org/react
45 verbose request uri https://registry.npmjs.org/react-dom
46 verbose request no auth needed
47 info attempt registry request try #1 at 7:41:04 PM
48 verbose etag W/"592ae693-18e1f"
49 verbose lastModified Sun, 28 May 2017 15:02:43 GMT
50 http request GET https://registry.npmjs.org/react-dom
51 http 304 https://registry.npmjs.org/react
52 verbose headers { date: 'Tue, 30 May 2017 02:41:04 GMT',
52 verbose headers   via: '1.1 varnish',
52 verbose headers   'cache-control': 'max-age=300',
52 verbose headers   etag: 'W/"592ae680-2a9a5"',
52 verbose headers   age: '22',
52 verbose headers   connection: 'keep-alive',
52 verbose headers   'x-served-by': 'cache-sjc3622-SJC',
52 verbose headers   'x-cache': 'HIT',
52 verbose headers   'x-cache-hits': '1',
52 verbose headers   'x-timer': 'S1496112065.860647,VS0,VE1',
52 verbose headers   vary: 'Accept-Encoding' }
53 silly get cb [ 304,
53 silly get   { date: 'Tue, 30 May 2017 02:41:04 GMT',
53 silly get     via: '1.1 varnish',
53 silly get     'cache-control': 'max-age=300',
53 silly get     etag: 'W/"592ae680-2a9a5"',
53 silly get     age: '22',
53 silly get     connection: 'keep-alive',
53 silly get     'x-served-by': 'cache-sjc3622-SJC',
53 silly get     'x-cache': 'HIT',
53 silly get     'x-cache-hits': '1',
53 silly get     'x-timer': 'S1496112065.860647,VS0,VE1',
53 silly get     vary: 'Accept-Encoding' } ]
54 verbose etag https://registry.npmjs.org/react from cache
55 verbose get saving react to /Users/josephanda/.npm/registry.npmjs.org/react/.cache.json
56 verbose correctMkdir /Users/josephanda/.npm correctMkdir not in flight; initializing
57 silly cache afterAdd react@0.14.7
58 verbose afterAdd /Users/josephanda/.npm/react/0.14.7/package/package.json not in flight; writing
59 verbose correctMkdir /Users/josephanda/.npm correctMkdir not in flight; initializing
60 http 304 https://registry.npmjs.org/react-dom
61 verbose headers { date: 'Tue, 30 May 2017 02:41:04 GMT',
61 verbose headers   via: '1.1 varnish',
61 verbose headers   'cache-control': 'max-age=300',
61 verbose headers   etag: 'W/"592ae693-18e1f"',
61 verbose headers   age: '0',
61 verbose headers   connection: 'keep-alive',
61 verbose headers   'x-served-by': 'cache-sjc3144-SJC',
61 verbose headers   'x-cache': 'HIT',
61 verbose headers   'x-cache-hits': '1',
61 verbose headers   'x-timer': 'S1496112065.860950,VS0,VE20',
61 verbose headers   vary: 'Accept-Encoding' }
62 silly get cb [ 304,
62 silly get   { date: 'Tue, 30 May 2017 02:41:04 GMT',
62 silly get     via: '1.1 varnish',
62 silly get     'cache-control': 'max-age=300',
62 silly get     etag: 'W/"592ae693-18e1f"',
62 silly get     age: '0',
62 silly get     connection: 'keep-alive',
62 silly get     'x-served-by': 'cache-sjc3144-SJC',
62 silly get     'x-cache': 'HIT',
62 silly get     'x-cache-hits': '1',
62 silly get     'x-timer': 'S1496112065.860950,VS0,VE20',
62 silly get     vary: 'Accept-Encoding' } ]
63 verbose etag https://registry.npmjs.org/react-dom from cache
64 verbose get saving react-dom to /Users/josephanda/.npm/registry.npmjs.org/react-dom/.cache.json
65 verbose correctMkdir /Users/josephanda/.npm correctMkdir not in flight; initializing
66 verbose afterAdd /Users/josephanda/.npm/react/0.14.7/package/package.json written
67 verbose stack Error: version not found: react-dom@0.14.7-pwd
67 verbose stack     at setData (/usr/local/lib/node_modules/npm/lib/cache/add-named.js:137:12)
67 verbose stack     at RES (/usr/local/lib/node_modules/npm/node_modules/inflight/inflight.js:23:14)
67 verbose stack     at f (/usr/local/lib/node_modules/npm/node_modules/once/once.js:17:25)
67 verbose stack     at fixName (/usr/local/lib/node_modules/npm/lib/cache/add-named.js:29:5)
67 verbose stack     at saved (/usr/local/lib/node_modules/npm/lib/cache/caching-client.js:173:7)
67 verbose stack     at /usr/local/lib/node_modules/npm/node_modules/graceful-fs/polyfills.js:210:7
67 verbose stack     at FSReqWrap.oncomplete (fs.js:82:15)
68 verbose statusCode 404
69 verbose cwd /Users/josephanda/Desktop/Software Engineering Projects/udemyHelloReact
70 error Darwin 14.5.0
71 error argv "/usr/local/bin/node" "/usr/local/bin/npm" "install" "--save" "react@0.14.7" "react-dom@0.14.7pwd"
72 error node v4.4.7
73 error npm  v2.15.8
74 error version not found: react-dom@0.14.7-pwd
75 error If you need help, you may report this error at:
75 error     <https://github.com/npm/npm/issues>
76 verbose exit [ 1, true ]
